<?xml version="1.0" encoding="UTF-8"?>
<!-- Generated by org.testng.reporters.JUnitReportReporter -->
<testsuite hostname="LAPTOP-G8GD3N8V" failures="0" tests="1" name="sampletestcases.LoginTests" time="0.016" errors="0" timestamp="2022-10-03T10:26:28 IST" skipped="0">
  <testcase classname="sampletestcases.LoginTests" name="verifyloginwithInvalidcredential" time="0.016"/>
  <system-out/>
</testsuite> <!-- sampletestcases.LoginTests -->
