<?xml version="1.0" encoding="UTF-8"?>
<!-- Generated by org.testng.reporters.JUnitReportReporter -->
<testsuite hostname="LAPTOP-G8GD3N8V" failures="0" tests="3" name="sampletestcases.LoginTests" time="0.011" errors="0" timestamp="2022-10-03T11:08:02 IST" skipped="0">
  <testcase classname="sampletestcases.LoginTests" name="verifyloginwithvalidcredential" time="0.000"/>
  <system-out/>
  <testcase classname="sampletestcases.LoginTests" name="verifyloginwithInvalidcredential" time="0.011"/>
  <system-out/>
  <testcase classname="sampletestcases.LoginTests" name="verifyloginwithnocredential" time="0.000"/>
  <system-out/>
</testsuite> <!-- sampletestcases.LoginTests -->
